<?xml version="1.0" encoding="UTF-8"?>
<!-- Generated by org.testng.reporters.JUnitReportReporter -->
<testsuite skipped="0" hostname="GDC-RituN-LPT" name="com.qa.testcases.TestClass2" tests="3" failures="0" timestamp="2020-05-11T18:31:52 IST" time="0.008" errors="0">
  <testcase name="check" time="0.002" classname="com.qa.testcases.TestClass2"/>
  <testcase name="check1" time="0.003" classname="com.qa.testcases.TestClass2"/>
  <testcase name="check2" time="0.003" classname="com.qa.testcases.TestClass2"/>
</testsuite> <!-- com.qa.testcases.TestClass2 -->
